-------------------------------------------------------------------------------
Test set: mflix.api.daos.UserTest
-------------------------------------------------------------------------------
Tests run: 4, Failures: 0, Errors: 4, Skipped: 0, Time elapsed: 0.602 s <<< FAILURE! - in mflix.api.daos.UserTest
testLogin(mflix.api.daos.UserTest)  Time elapsed: 0 s  <<< ERROR!
java.lang.IllegalStateException: Failed to load ApplicationContext
Caused by: java.lang.IllegalStateException: Cannot load configuration class: mflix.config.MongoDBConfiguration
Caused by: java.lang.NoClassDefFoundError: Could not initialize class org.springframework.cglib.proxy.Enhancer
Caused by: java.lang.ExceptionInInitializerError: Exception org.springframework.cglib.core.CodeGenerationException: java.lang.reflect.InaccessibleObjectException-->Unable to make protected final java.lang.Class java.lang.ClassLoader.defineClass(java.lang.String,byte[],int,int,java.security.ProtectionDomain) throws java.lang.ClassFormatError accessible: module java.base does not "opens java.lang" to unnamed module @26408470 [in thread "main"]

testRegisterUser(mflix.api.daos.UserTest)  Time elapsed: 0 s  <<< ERROR!
java.lang.IllegalStateException: Failed to load ApplicationContext
Caused by: java.lang.IllegalStateException: Cannot load configuration class: mflix.config.MongoDBConfiguration
Caused by: java.lang.NoClassDefFoundError: Could not initialize class org.springframework.cglib.proxy.Enhancer
Caused by: java.lang.ExceptionInInitializerError: Exception org.springframework.cglib.core.CodeGenerationException: java.lang.reflect.InaccessibleObjectException-->Unable to make protected final java.lang.Class java.lang.ClassLoader.defineClass(java.lang.String,byte[],int,int,java.security.ProtectionDomain) throws java.lang.ClassFormatError accessible: module java.base does not "opens java.lang" to unnamed module @26408470 [in thread "main"]

testDeleteUser(mflix.api.daos.UserTest)  Time elapsed: 0 s  <<< ERROR!
java.lang.IllegalStateException: Failed to load ApplicationContext
Caused by: java.lang.IllegalStateException: Cannot load configuration class: mflix.config.MongoDBConfiguration
Caused by: java.lang.NoClassDefFoundError: Could not initialize class org.springframework.cglib.proxy.Enhancer
Caused by: java.lang.ExceptionInInitializerError: Exception org.springframework.cglib.core.CodeGenerationException: java.lang.reflect.InaccessibleObjectException-->Unable to make protected final java.lang.Class java.lang.ClassLoader.defineClass(java.lang.String,byte[],int,int,java.security.ProtectionDomain) throws java.lang.ClassFormatError accessible: module java.base does not "opens java.lang" to unnamed module @26408470 [in thread "main"]

testLogout(mflix.api.daos.UserTest)  Time elapsed: 0 s  <<< ERROR!
java.lang.IllegalStateException: Failed to load ApplicationContext
Caused by: java.lang.IllegalStateException: Cannot load configuration class: mflix.config.MongoDBConfiguration
Caused by: java.lang.NoClassDefFoundError: Could not initialize class org.springframework.cglib.proxy.Enhancer
Caused by: java.lang.ExceptionInInitializerError: Exception org.springframework.cglib.core.CodeGenerationException: java.lang.reflect.InaccessibleObjectException-->Unable to make protected final java.lang.Class java.lang.ClassLoader.defineClass(java.lang.String,byte[],int,int,java.security.ProtectionDomain) throws java.lang.ClassFormatError accessible: module java.base does not "opens java.lang" to unnamed module @26408470 [in thread "main"]

