<?xml version="1.0" encoding="UTF-8"?>
<testsuite xmlns:xsi="http://www.w3.org/2001/XMLSchema-instance" xsi:noNamespaceSchemaLocation="https://maven.apache.org/surefire/maven-surefire-plugin/xsd/surefire-test-report.xsd" name="mflix.api.daos.MigrationTest" time="1.524" tests="2" errors="0" skipped="0" failures="2">
  <properties>
[...]
</properties>
  <testcase name="testAllDocumentsIMDBRatingNumber" classname="mflix.api.daos.MigrationTest" time="1.039">
    <failure message="Should not find documents where `imdb.rating` is of not of `number` type expected:&lt;0&gt; but was:&lt;61&gt;" type="java.lang.AssertionError"><![CDATA[java.lang.AssertionError: Should not find documents where `imdb.rating` is of not of `number` type expected:<0> but was:<61>
	at mflix.api.daos.MigrationTest.testAllDocumentsIMDBRatingNumber(MigrationTest.java:42)
]]></failure>
    <system-out><![CDATA[2022-10-04 14:12:11.454  INFO 715 --- [           main] org.mongodb.driver.cluster               : Cluster created with settings {hosts=[ac-y3tzlqv-shard-00-02.dc4ezxp.mongodb.net:27017, ac-y3tzlqv-shard-00-00.dc4ezxp.mongodb.net:27017, ac-y3tzlqv-shard-00-01.dc4ezxp.mongodb.net:27017], mode=MULTIPLE, requiredClusterType=REPLICA_SET, serverSelectionTimeout='30000 ms', maxWaitQueueSize=500, requiredReplicaSetName='atlas-3sg2p4-shard-0'}
2022-10-04 14:12:11.454  INFO 715 --- [           main] org.mongodb.driver.cluster               : Adding discovered server ac-y3tzlqv-shard-00-02.dc4ezxp.mongodb.net:27017 to client view of cluster
2022-10-04 14:12:11.499  INFO 715 --- [           main] org.mongodb.driver.cluster               : Adding discovered server ac-y3tzlqv-shard-00-00.dc4ezxp.mongodb.net:27017 to client view of cluster
2022-10-04 14:12:11.499  INFO 715 --- [           main] org.mongodb.driver.cluster               : Adding discovered server ac-y3tzlqv-shard-00-01.dc4ezxp.mongodb.net:27017 to client view of cluster
2022-10-04 14:12:11.531  INFO 715 --- [           main] org.mongodb.driver.cluster               : No server chosen by com.mongodb.client.internal.MongoClientDelegate$1@cf10c92 from cluster description ClusterDescription{type=REPLICA_SET, connectionMode=MULTIPLE, serverDescriptions=[ServerDescription{address=ac-y3tzlqv-shard-00-01.dc4ezxp.mongodb.net:27017, type=UNKNOWN, state=CONNECTING}, ServerDescription{address=ac-y3tzlqv-shard-00-02.dc4ezxp.mongodb.net:27017, type=UNKNOWN, state=CONNECTING}, ServerDescription{address=ac-y3tzlqv-shard-00-00.dc4ezxp.mongodb.net:27017, type=UNKNOWN, state=CONNECTING}]}. Waiting for 30000 ms before timing out
2022-10-04 14:12:11.985  INFO 715 --- [ngodb.net:27017] org.mongodb.driver.connection            : Opened connection [connectionId{localValue:2, serverValue:1785792}] to ac-y3tzlqv-shard-00-01.dc4ezxp.mongodb.net:27017
2022-10-04 14:12:11.987  INFO 715 --- [ngodb.net:27017] org.mongodb.driver.connection            : Opened connection [connectionId{localValue:1, serverValue:1216721}] to ac-y3tzlqv-shard-00-00.dc4ezxp.mongodb.net:27017
2022-10-04 14:12:11.987  INFO 715 --- [ngodb.net:27017] org.mongodb.driver.connection            : Opened connection [connectionId{localValue:3, serverValue:1745224}] to ac-y3tzlqv-shard-00-02.dc4ezxp.mongodb.net:27017
2022-10-04 14:12:12.016  INFO 715 --- [ngodb.net:27017] org.mongodb.driver.cluster               : Monitor thread successfully connected to server with description ServerDescription{address=ac-y3tzlqv-shard-00-02.dc4ezxp.mongodb.net:27017, type=REPLICA_SET_SECONDARY, state=CONNECTED, ok=true, version=ServerVersion{versionList=[5, 0, 12]}, minWireVersion=0, maxWireVersion=13, maxDocumentSize=16777216, logicalSessionTimeoutMinutes=30, roundTripTimeNanos=26500960, setName='atlas-3sg2p4-shard-0', canonicalAddress=ac-y3tzlqv-shard-00-02.dc4ezxp.mongodb.net:27017, hosts=[ac-y3tzlqv-shard-00-02.dc4ezxp.mongodb.net:27017, ac-y3tzlqv-shard-00-01.dc4ezxp.mongodb.net:27017, ac-y3tzlqv-shard-00-00.dc4ezxp.mongodb.net:27017], passives=[], arbiters=[], primary='ac-y3tzlqv-shard-00-01.dc4ezxp.mongodb.net:27017', tagSet=TagSet{[Tag{name='region', value='US_EAST_2'}, Tag{name='provider', value='AZURE'}, Tag{name='nodeType', value='ELECTABLE'}, Tag{name='workloadType', value='OPERATIONAL'}]}, electionId=null, setVersion=8, lastWriteDate=Tue Oct 04 14:12:11 EDT 2022, lastUpdateTimeNanos=45439901201944}
2022-10-04 14:12:12.018  INFO 715 --- [ngodb.net:27017] org.mongodb.driver.cluster               : Monitor thread successfully connected to server with description ServerDescription{address=ac-y3tzlqv-shard-00-01.dc4ezxp.mongodb.net:27017, type=REPLICA_SET_PRIMARY, state=CONNECTED, ok=true, version=ServerVersion{versionList=[5, 0, 12]}, minWireVersion=0, maxWireVersion=13, maxDocumentSize=16777216, logicalSessionTimeoutMinutes=30, roundTripTimeNanos=31507753, setName='atlas-3sg2p4-shard-0', canonicalAddress=ac-y3tzlqv-shard-00-01.dc4ezxp.mongodb.net:27017, hosts=[ac-y3tzlqv-shard-00-02.dc4ezxp.mongodb.net:27017, ac-y3tzlqv-shard-00-01.dc4ezxp.mongodb.net:27017, ac-y3tzlqv-shard-00-00.dc4ezxp.mongodb.net:27017], passives=[], arbiters=[], primary='ac-y3tzlqv-shard-00-01.dc4ezxp.mongodb.net:27017', tagSet=TagSet{[Tag{name='region', value='US_EAST_2'}, Tag{name='provider', value='AZURE'}, Tag{name='nodeType', value='ELECTABLE'}, Tag{name='workloadType', value='OPERATIONAL'}]}, electionId=7fffffff000000000000008d, setVersion=8, lastWriteDate=Tue Oct 04 14:12:11 EDT 2022, lastUpdateTimeNanos=45439903929330}
2022-10-04 14:12:12.019  INFO 715 --- [ngodb.net:27017] org.mongodb.driver.cluster               : Setting max election id to 7fffffff000000000000008d from replica set primary ac-y3tzlqv-shard-00-01.dc4ezxp.mongodb.net:27017
2022-10-04 14:12:12.019  INFO 715 --- [ngodb.net:27017] org.mongodb.driver.cluster               : Setting max set version to 8 from replica set primary ac-y3tzlqv-shard-00-01.dc4ezxp.mongodb.net:27017
2022-10-04 14:12:12.020  INFO 715 --- [ngodb.net:27017] org.mongodb.driver.cluster               : Discovered replica set primary ac-y3tzlqv-shard-00-01.dc4ezxp.mongodb.net:27017
2022-10-04 14:12:12.032  INFO 715 --- [ngodb.net:27017] org.mongodb.driver.cluster               : Monitor thread successfully connected to server with description ServerDescription{address=ac-y3tzlqv-shard-00-00.dc4ezxp.mongodb.net:27017, type=REPLICA_SET_SECONDARY, state=CONNECTED, ok=true, version=ServerVersion{versionList=[5, 0, 12]}, minWireVersion=0, maxWireVersion=13, maxDocumentSize=16777216, logicalSessionTimeoutMinutes=30, roundTripTimeNanos=45434132, setName='atlas-3sg2p4-shard-0', canonicalAddress=ac-y3tzlqv-shard-00-00.dc4ezxp.mongodb.net:27017, hosts=[ac-y3tzlqv-shard-00-02.dc4ezxp.mongodb.net:27017, ac-y3tzlqv-shard-00-01.dc4ezxp.mongodb.net:27017, ac-y3tzlqv-shard-00-00.dc4ezxp.mongodb.net:27017], passives=[], arbiters=[], primary='ac-y3tzlqv-shard-00-01.dc4ezxp.mongodb.net:27017', tagSet=TagSet{[Tag{name='workloadType', value='OPERATIONAL'}, Tag{name='provider', value='AZURE'}, Tag{name='region', value='US_EAST_2'}, Tag{name='nodeType', value='ELECTABLE'}]}, electionId=null, setVersion=8, lastWriteDate=Tue Oct 04 14:12:11 EDT 2022, lastUpdateTimeNanos=45439918515453}
2022-10-04 14:12:12.358  INFO 715 --- [           main] org.mongodb.driver.connection            : Opened connection [connectionId{localValue:4, serverValue:1785724}] to ac-y3tzlqv-shard-00-01.dc4ezxp.mongodb.net:27017
]]></system-out>
  </testcase>
  <testcase name="testAllDocumentsUpdateDateIsDateType" classname="mflix.api.daos.MigrationTest" time="0.485">
    <failure message="Should not find documents where `lastupdated` is of `string` type expected:&lt;0&gt; but was:&lt;23530&gt;" type="java.lang.AssertionError"><![CDATA[java.lang.AssertionError: Should not find documents where `lastupdated` is of `string` type expected:<0> but was:<23530>
	at mflix.api.daos.MigrationTest.testAllDocumentsUpdateDateIsDateType(MigrationTest.java:31)
]]></failure>
    <system-out><![CDATA[2022-10-04 14:12:12.440  INFO 715 --- [           main] org.mongodb.driver.cluster               : Cluster created with settings {hosts=[ac-y3tzlqv-shard-00-00.dc4ezxp.mongodb.net:27017, ac-y3tzlqv-shard-00-01.dc4ezxp.mongodb.net:27017, ac-y3tzlqv-shard-00-02.dc4ezxp.mongodb.net:27017], mode=MULTIPLE, requiredClusterType=REPLICA_SET, serverSelectionTimeout='30000 ms', maxWaitQueueSize=500, requiredReplicaSetName='atlas-3sg2p4-shard-0'}
2022-10-04 14:12:12.440  INFO 715 --- [           main] org.mongodb.driver.cluster               : Adding discovered server ac-y3tzlqv-shard-00-00.dc4ezxp.mongodb.net:27017 to client view of cluster
2022-10-04 14:12:12.441  INFO 715 --- [           main] org.mongodb.driver.cluster               : Adding discovered server ac-y3tzlqv-shard-00-01.dc4ezxp.mongodb.net:27017 to client view of cluster
2022-10-04 14:12:12.442  INFO 715 --- [           main] org.mongodb.driver.cluster               : Adding discovered server ac-y3tzlqv-shard-00-02.dc4ezxp.mongodb.net:27017 to client view of cluster
2022-10-04 14:12:12.443  INFO 715 --- [           main] org.mongodb.driver.cluster               : No server chosen by com.mongodb.client.internal.MongoClientDelegate$1@35e689a0 from cluster description ClusterDescription{type=REPLICA_SET, connectionMode=MULTIPLE, serverDescriptions=[ServerDescription{address=ac-y3tzlqv-shard-00-01.dc4ezxp.mongodb.net:27017, type=UNKNOWN, state=CONNECTING}, ServerDescription{address=ac-y3tzlqv-shard-00-02.dc4ezxp.mongodb.net:27017, type=UNKNOWN, state=CONNECTING}, ServerDescription{address=ac-y3tzlqv-shard-00-00.dc4ezxp.mongodb.net:27017, type=UNKNOWN, state=CONNECTING}]}. Waiting for 30000 ms before timing out
2022-10-04 14:12:12.597  INFO 715 --- [ngodb.net:27017] org.mongodb.driver.connection            : Opened connection [connectionId{localValue:6, serverValue:1785796}] to ac-y3tzlqv-shard-00-01.dc4ezxp.mongodb.net:27017
2022-10-04 14:12:12.606  INFO 715 --- [ngodb.net:27017] org.mongodb.driver.connection            : Opened connection [connectionId{localValue:5, serverValue:1216721}] to ac-y3tzlqv-shard-00-00.dc4ezxp.mongodb.net:27017
2022-10-04 14:12:12.608  INFO 715 --- [ngodb.net:27017] org.mongodb.driver.connection            : Opened connection [connectionId{localValue:7, serverValue:1745224}] to ac-y3tzlqv-shard-00-02.dc4ezxp.mongodb.net:27017
2022-10-04 14:12:12.633  INFO 715 --- [ngodb.net:27017] org.mongodb.driver.cluster               : Monitor thread successfully connected to server with description ServerDescription{address=ac-y3tzlqv-shard-00-01.dc4ezxp.mongodb.net:27017, type=REPLICA_SET_PRIMARY, state=CONNECTED, ok=true, version=ServerVersion{versionList=[5, 0, 12]}, minWireVersion=0, maxWireVersion=13, maxDocumentSize=16777216, logicalSessionTimeoutMinutes=30, roundTripTimeNanos=35359592, setName='atlas-3sg2p4-shard-0', canonicalAddress=ac-y3tzlqv-shard-00-01.dc4ezxp.mongodb.net:27017, hosts=[ac-y3tzlqv-shard-00-02.dc4ezxp.mongodb.net:27017, ac-y3tzlqv-shard-00-01.dc4ezxp.mongodb.net:27017, ac-y3tzlqv-shard-00-00.dc4ezxp.mongodb.net:27017], passives=[], arbiters=[], primary='ac-y3tzlqv-shard-00-01.dc4ezxp.mongodb.net:27017', tagSet=TagSet{[Tag{name='workloadType', value='OPERATIONAL'}, Tag{name='provider', value='AZURE'}, Tag{name='nodeType', value='ELECTABLE'}, Tag{name='region', value='US_EAST_2'}]}, electionId=7fffffff000000000000008d, setVersion=8, lastWriteDate=Tue Oct 04 14:12:12 EDT 2022, lastUpdateTimeNanos=45440519216283}
2022-10-04 14:12:12.633  INFO 715 --- [ngodb.net:27017] org.mongodb.driver.cluster               : Setting max election id to 7fffffff000000000000008d from replica set primary ac-y3tzlqv-shard-00-01.dc4ezxp.mongodb.net:27017
2022-10-04 14:12:12.633  INFO 715 --- [ngodb.net:27017] org.mongodb.driver.cluster               : Setting max set version to 8 from replica set primary ac-y3tzlqv-shard-00-01.dc4ezxp.mongodb.net:27017
2022-10-04 14:12:12.634  INFO 715 --- [ngodb.net:27017] org.mongodb.driver.cluster               : Discovered replica set primary ac-y3tzlqv-shard-00-01.dc4ezxp.mongodb.net:27017
2022-10-04 14:12:12.637  INFO 715 --- [ngodb.net:27017] org.mongodb.driver.cluster               : Monitor thread successfully connected to server with description ServerDescription{address=ac-y3tzlqv-shard-00-00.dc4ezxp.mongodb.net:27017, type=REPLICA_SET_SECONDARY, state=CONNECTED, ok=true, version=ServerVersion{versionList=[5, 0, 12]}, minWireVersion=0, maxWireVersion=13, maxDocumentSize=16777216, logicalSessionTimeoutMinutes=30, roundTripTimeNanos=30020152, setName='atlas-3sg2p4-shard-0', canonicalAddress=ac-y3tzlqv-shard-00-00.dc4ezxp.mongodb.net:27017, hosts=[ac-y3tzlqv-shard-00-02.dc4ezxp.mongodb.net:27017, ac-y3tzlqv-shard-00-01.dc4ezxp.mongodb.net:27017, ac-y3tzlqv-shard-00-00.dc4ezxp.mongodb.net:27017], passives=[], arbiters=[], primary='ac-y3tzlqv-shard-00-01.dc4ezxp.mongodb.net:27017', tagSet=TagSet{[Tag{name='workloadType', value='OPERATIONAL'}, Tag{name='provider', value='AZURE'}, Tag{name='region', value='US_EAST_2'}, Tag{name='nodeType', value='ELECTABLE'}]}, electionId=null, setVersion=8, lastWriteDate=Tue Oct 04 14:12:12 EDT 2022, lastUpdateTimeNanos=45440522863509}
2022-10-04 14:12:12.638  INFO 715 --- [ngodb.net:27017] org.mongodb.driver.cluster               : Monitor thread successfully connected to server with description ServerDescription{address=ac-y3tzlqv-shard-00-02.dc4ezxp.mongodb.net:27017, type=REPLICA_SET_SECONDARY, state=CONNECTED, ok=true, version=ServerVersion{versionList=[5, 0, 12]}, minWireVersion=0, maxWireVersion=13, maxDocumentSize=16777216, logicalSessionTimeoutMinutes=30, roundTripTimeNanos=30087143, setName='atlas-3sg2p4-shard-0', canonicalAddress=ac-y3tzlqv-shard-00-02.dc4ezxp.mongodb.net:27017, hosts=[ac-y3tzlqv-shard-00-02.dc4ezxp.mongodb.net:27017, ac-y3tzlqv-shard-00-01.dc4ezxp.mongodb.net:27017, ac-y3tzlqv-shard-00-00.dc4ezxp.mongodb.net:27017], passives=[], arbiters=[], primary='ac-y3tzlqv-shard-00-01.dc4ezxp.mongodb.net:27017', tagSet=TagSet{[Tag{name='workloadType', value='OPERATIONAL'}, Tag{name='region', value='US_EAST_2'}, Tag{name='provider', value='AZURE'}, Tag{name='nodeType', value='ELECTABLE'}]}, electionId=null, setVersion=8, lastWriteDate=Tue Oct 04 14:12:12 EDT 2022, lastUpdateTimeNanos=45440524210087}
2022-10-04 14:12:12.865  INFO 715 --- [           main] org.mongodb.driver.connection            : Opened connection [connectionId{localValue:8, serverValue:1785801}] to ac-y3tzlqv-shard-00-01.dc4ezxp.mongodb.net:27017
]]></system-out>
  </testcase>
</testsuite>