# JRE version: OpenJDK Runtime Environment AdoptOpenJDK-16.0.1+9 (16.0.1+9) (build 16.0.1+9)
# Java VM: OpenJDK 64-Bit Server VM AdoptOpenJDK-16.0.1+9 (16.0.1+9, mixed mode, sharing, tiered, compressed oops, compressed class ptrs, parallel gc, linux-amd64)
GC Precious Log:
 CPUs: 16 total, 16 available
 Memory: 16025M
 Large Page Support: Disabled
 NUMA Support: Disabled
 Compressed Oops: Enabled (32-bit)
 Alignments: Space 512K, Generation 512K, Heap 2M
 Heap Min Capacity: 100M
 Heap Initial Capacity: 100M
 Heap Max Capacity: 1G
 Pre-touch: Disabled
 Parallel Workers: 13
Heap:
 PSYoungGen      total 3584K, used 3264K [0x00000000eab00000, 0x00000000eb200000, 0x0000000100000000)
  eden space 1536K, 100% used [0x00000000eab00000,0x00000000eac80000,0x00000000eac80000)
  from space 2048K, 84% used [0x00000000eac80000,0x00000000eae30000,0x00000000eae80000)
  to   space 2560K, 61% used [0x00000000eaf80000,0x00000000eb108000,0x00000000eb200000)
 ParOldGen       total 367104K, used 278938K [0x00000000c0000000, 0x00000000d6680000, 0x00000000eab00000)
  object space 367104K, 75% used [0x00000000c0000000,0x00000000d1066938,0x00000000d6680000)
 Metaspace       used 78715K, committed 79616K, reserved 1122304K
  class space    used 7493K, committed 7872K, reserved 1048576K
GC Heap History (20 events):
Event: 1326.937 GC heap after
{Heap after GC invocations=2203 (full 34):
 PSYoungGen      total 3072K, used 512K [0x00000000eab00000, 0x00000000eaf00000, 0x0000000100000000)
  eden space 2048K, 0% used [0x00000000eab00000,0x00000000eab00000,0x00000000ead00000)
  from space 1024K, 50% used [0x00000000eae00000,0x00000000eae80000,0x00000000eaf00000)
  to   space 1024K, 0% used [0x00000000ead00000,0x00000000ead00000,0x00000000eae00000)
 ParOldGen       total 367104K, used 270819K [0x00000000c0000000, 0x00000000d6680000, 0x00000000eab00000)
  object space 367104K, 73% used [0x00000000c0000000,0x00000000d0878d38,0x00000000d6680000)
 Metaspace       used 78712K, committed 79616K, reserved 1122304K
  class space    used 7493K, committed 7872K, reserved 1048576K
}
Event: 1326.939 GC heap before
{Heap before GC invocations=2204 (full 34):
 PSYoungGen      total 3072K, used 2560K [0x00000000eab00000, 0x00000000eaf00000, 0x0000000100000000)
  eden space 2048K, 100% used [0x00000000eab00000,0x00000000ead00000,0x00000000ead00000)
  from space 1024K, 50% used [0x00000000eae00000,0x00000000eae80000,0x00000000eaf00000)
  to   space 1024K, 0% used [0x00000000ead00000,0x00000000ead00000,0x00000000eae00000)
 ParOldGen       total 367104K, used 270819K [0x00000000c0000000, 0x00000000d6680000, 0x00000000eab00000)
  object space 367104K, 73% used [0x00000000c0000000,0x00000000d0878d38,0x00000000d6680000)
 Metaspace       used 78712K, committed 79616K, reserved 1122304K
  class space    used 7493K, committed 7872K, reserved 1048576K
}
Event: 1326.940 GC heap after
{Heap after GC invocations=2204 (full 34):
 PSYoungGen      total 3072K, used 640K [0x00000000eab00000, 0x00000000eaf80000, 0x0000000100000000)
  eden space 2048K, 0% used [0x00000000eab00000,0x00000000eab00000,0x00000000ead00000)
  from space 1024K, 62% used [0x00000000ead00000,0x00000000eada0000,0x00000000eae00000)
  to   space 1024K, 0% used [0x00000000eae80000,0x00000000eae80000,0x00000000eaf80000)
 ParOldGen       total 367104K, used 271219K [0x00000000c0000000, 0x00000000d6680000, 0x00000000eab00000)
  object space 367104K, 73% used [0x00000000c0000000,0x00000000d08dcd38,0x00000000d6680000)
 Metaspace       used 78712K, committed 79616K, reserved 1122304K
  class space    used 7493K, committed 7872K, reserved 1048576K
}
Event: 1326.943 GC heap before
{Heap before GC invocations=2205 (full 34):
 PSYoungGen      total 3072K, used 2687K [0x00000000eab00000, 0x00000000eaf80000, 0x0000000100000000)
  eden space 2048K, 99% used [0x00000000eab00000,0x00000000eacfffe8,0x00000000ead00000)
  from space 1024K, 62% used [0x00000000ead00000,0x00000000eada0000,0x00000000eae00000)
  to   space 1024K, 0% used [0x00000000eae80000,0x00000000eae80000,0x00000000eaf80000)
 ParOldGen       total 367104K, used 271219K [0x00000000c0000000, 0x00000000d6680000, 0x00000000eab00000)
  object space 367104K, 73% used [0x00000000c0000000,0x00000000d08dcd38,0x00000000d6680000)
 Metaspace       used 78712K, committed 79616K, reserved 1122304K
  class space    used 7493K, committed 7872K, reserved 1048576K
}
Event: 1326.944 GC heap after
{Heap after GC invocations=2205 (full 34):
 PSYoungGen      total 3584K, used 704K [0x00000000eab00000, 0x00000000eaf80000, 0x0000000100000000)
  eden space 2560K, 0% used [0x00000000eab00000,0x00000000eab00000,0x00000000ead80000)
  from space 1024K, 68% used [0x00000000eae80000,0x00000000eaf30000,0x00000000eaf80000)
  to   space 1024K, 0% used [0x00000000ead80000,0x00000000ead80000,0x00000000eae80000)
 ParOldGen       total 367104K, used 271755K [0x00000000c0000000, 0x00000000d6680000, 0x00000000eab00000)
  object space 367104K, 74% used [0x00000000c0000000,0x00000000d0962d38,0x00000000d6680000)
 Metaspace       used 78712K, committed 79616K, reserved 1122304K
  class space    used 7493K, committed 7872K, reserved 1048576K
}
Event: 1326.947 GC heap before
{Heap before GC invocations=2206 (full 34):
 PSYoungGen      total 3584K, used 3264K [0x00000000eab00000, 0x00000000eaf80000, 0x0000000100000000)
  eden space 2560K, 100% used [0x00000000eab00000,0x00000000ead80000,0x00000000ead80000)
  from space 1024K, 68% used [0x00000000eae80000,0x00000000eaf30000,0x00000000eaf80000)
  to   space 1024K, 0% used [0x00000000ead80000,0x00000000ead80000,0x00000000eae80000)
 ParOldGen       total 367104K, used 271755K [0x00000000c0000000, 0x00000000d6680000, 0x00000000eab00000)
  object space 367104K, 74% used [0x00000000c0000000,0x00000000d0962d38,0x00000000d6680000)
 Metaspace       used 78712K, committed 79616K, reserved 1122304K
  class space    used 7493K, committed 7872K, reserved 1048576K
}
Event: 1326.948 GC heap after
{Heap after GC invocations=2206 (full 34):
 PSYoungGen      total 3584K, used 544K [0x00000000eab00000, 0x00000000eb000000, 0x0000000100000000)
  eden space 2560K, 0% used [0x00000000eab00000,0x00000000eab00000,0x00000000ead80000)
  from space 1024K, 53% used [0x00000000ead80000,0x00000000eae08000,0x00000000eae80000)
  to   space 1024K, 0% used [0x00000000eaf00000,0x00000000eaf00000,0x00000000eb000000)
 ParOldGen       total 367104K, used 272329K [0x00000000c0000000, 0x00000000d6680000, 0x00000000eab00000)
  object space 367104K, 74% used [0x00000000c0000000,0x00000000d09f2598,0x00000000d6680000)
 Metaspace       used 78712K, committed 79616K, reserved 1122304K
  class space    used 7493K, committed 7872K, reserved 1048576K
}
Event: 1327.008 GC heap before
{Heap before GC invocations=2207 (full 34):
 PSYoungGen      total 3584K, used 3104K [0x00000000eab00000, 0x00000000eb000000, 0x0000000100000000)
  eden space 2560K, 100% used [0x00000000eab00000,0x00000000ead80000,0x00000000ead80000)
  from space 1024K, 53% used [0x00000000ead80000,0x00000000eae08000,0x00000000eae80000)
  to   space 1024K, 0% used [0x00000000eaf00000,0x00000000eaf00000,0x00000000eb000000)
 ParOldGen       total 367104K, used 272329K [0x00000000c0000000, 0x00000000d6680000, 0x00000000eab00000)
  object space 367104K, 74% used [0x00000000c0000000,0x00000000d09f2598,0x00000000d6680000)
 Metaspace       used 78712K, committed 79616K, reserved 1122304K
  class space    used 7493K, committed 7872K, reserved 1048576K
}
Event: 1327.009 GC heap after
{Heap after GC invocations=2207 (full 34):
 PSYoungGen      total 4096K, used 704K [0x00000000eab00000, 0x00000000eb000000, 0x0000000100000000)
  eden space 3072K, 0% used [0x00000000eab00000,0x00000000eab00000,0x00000000eae00000)
  from space 1024K, 68% used [0x00000000eaf00000,0x00000000eafb0000,0x00000000eb000000)
  to   space 1024K, 0% used [0x00000000eae00000,0x00000000eae00000,0x00000000eaf00000)
 ParOldGen       total 367104K, used 272737K [0x00000000c0000000, 0x00000000d6680000, 0x00000000eab00000)
  object space 367104K, 74% used [0x00000000c0000000,0x00000000d0a58598,0x00000000d6680000)
 Metaspace       used 78712K, committed 79616K, reserved 1122304K
  class space    used 7493K, committed 7872K, reserved 1048576K
}
Event: 1327.519 GC heap before
{Heap before GC invocations=2208 (full 34):
 PSYoungGen      total 4096K, used 3776K [0x00000000eab00000, 0x00000000eb000000, 0x0000000100000000)
  eden space 3072K, 100% used [0x00000000eab00000,0x00000000eae00000,0x00000000eae00000)
  from space 1024K, 68% used [0x00000000eaf00000,0x00000000eafb0000,0x00000000eb000000)
  to   space 1024K, 0% used [0x00000000eae00000,0x00000000eae00000,0x00000000eaf00000)
 ParOldGen       total 367104K, used 272737K [0x00000000c0000000, 0x00000000d6680000, 0x00000000eab00000)
  object space 367104K, 74% used [0x00000000c0000000,0x00000000d0a58598,0x00000000d6680000)
 Metaspace       used 78712K, committed 79616K, reserved 1122304K
  class space    used 7493K, committed 7872K, reserved 1048576K
}
Event: 1327.521 GC heap after
{Heap after GC invocations=2208 (full 34):
 PSYoungGen      total 4096K, used 432K [0x00000000eab00000, 0x00000000eb000000, 0x0000000100000000)
  eden space 3072K, 0% used [0x00000000eab00000,0x00000000eab00000,0x00000000eae00000)
  from space 1024K, 42% used [0x00000000eae00000,0x00000000eae6c010,0x00000000eaf00000)
  to   space 1024K, 0% used [0x00000000eaf00000,0x00000000eaf00000,0x00000000eb000000)
 ParOldGen       total 367104K, used 272833K [0x00000000c0000000, 0x00000000d6680000, 0x00000000eab00000)
  object space 367104K, 74% used [0x00000000c0000000,0x00000000d0a70598,0x00000000d6680000)
 Metaspace       used 78712K, committed 79616K, reserved 1122304K
  class space    used 7493K, committed 7872K, reserved 1048576K
}
Event: 1327.919 GC heap before
{Heap before GC invocations=2209 (full 34):
 PSYoungGen      total 4096K, used 3504K [0x00000000eab00000, 0x00000000eb000000, 0x0000000100000000)
  eden space 3072K, 99% used [0x00000000eab00000,0x00000000eadffff8,0x00000000eae00000)
  from space 1024K, 42% used [0x00000000eae00000,0x00000000eae6c010,0x00000000eaf00000)
  to   space 1024K, 0% used [0x00000000eaf00000,0x00000000eaf00000,0x00000000eb000000)
 ParOldGen       total 367104K, used 272833K [0x00000000c0000000, 0x00000000d6680000, 0x00000000eab00000)
  object space 367104K, 74% used [0x00000000c0000000,0x00000000d0a70598,0x00000000d6680000)
 Metaspace       used 78712K, committed 79616K, reserved 1122304K
  class space    used 7493K, committed 7872K, reserved 1048576K
}
Event: 1327.920 GC heap after
{Heap after GC invocations=2209 (full 34):
 PSYoungGen      total 3584K, used 448K [0x00000000eab00000, 0x00000000eaf80000, 0x0000000100000000)
  eden space 3072K, 0% used [0x00000000eab00000,0x00000000eab00000,0x00000000eae00000)
  from space 512K, 87% used [0x00000000eaf00000,0x00000000eaf70000,0x00000000eaf80000)
  to   space 512K, 0% used [0x00000000eae80000,0x00000000eae80000,0x00000000eaf00000)
 ParOldGen       total 367104K, used 273174K [0x00000000c0000000, 0x00000000d6680000, 0x00000000eab00000)
  object space 367104K, 74% used [0x00000000c0000000,0x00000000d0ac5a38,0x00000000d6680000)
 Metaspace       used 78712K, committed 79616K, reserved 1122304K
  class space    used 7493K, committed 7872K, reserved 1048576K
}
Event: 1327.924 GC heap before
{Heap before GC invocations=2210 (full 34):
 PSYoungGen      total 3584K, used 3520K [0x00000000eab00000, 0x00000000eaf80000, 0x0000000100000000)
  eden space 3072K, 100% used [0x00000000eab00000,0x00000000eae00000,0x00000000eae00000)
  from space 512K, 87% used [0x00000000eaf00000,0x00000000eaf70000,0x00000000eaf80000)
  to   space 512K, 0% used [0x00000000eae80000,0x00000000eae80000,0x00000000eaf00000)
 ParOldGen       total 367104K, used 273174K [0x00000000c0000000, 0x00000000d6680000, 0x00000000eab00000)
  object space 367104K, 74% used [0x00000000c0000000,0x00000000d0ac5a38,0x00000000d6680000)
 Metaspace       used 78713K, committed 79616K, reserved 1122304K
  class space    used 7493K, committed 7872K, reserved 1048576K
}
Event: 1327.926 GC heap after
{Heap after GC invocations=2210 (full 34):
 PSYoungGen      total 3584K, used 512K [0x00000000eab00000, 0x00000000eb200000, 0x0000000100000000)
  eden space 3072K, 0% used [0x00000000eab00000,0x00000000eab00000,0x00000000eae00000)
  from space 512K, 100% used [0x00000000eae80000,0x00000000eaf00000,0x00000000eaf00000)
  to   space 2048K, 0% used [0x00000000eb000000,0x00000000eb000000,0x00000000eb200000)
 ParOldGen       total 367104K, used 274120K [0x00000000c0000000, 0x00000000d6680000, 0x00000000eab00000)
  object space 367104K, 74% used [0x00000000c0000000,0x00000000d0bb20a8,0x00000000d6680000)
 Metaspace       used 78713K, committed 79616K, reserved 1122304K
  class space    used 7493K, committed 7872K, reserved 1048576K
}
Event: 1327.934 GC heap before
{Heap before GC invocations=2211 (full 34):
 PSYoungGen      total 3584K, used 3584K [0x00000000eab00000, 0x00000000eb200000, 0x0000000100000000)
  eden space 3072K, 100% used [0x00000000eab00000,0x00000000eae00000,0x00000000eae00000)
  from space 512K, 100% used [0x00000000eae80000,0x00000000eaf00000,0x00000000eaf00000)
  to   space 2048K, 0% used [0x00000000eb000000,0x00000000eb000000,0x00000000eb200000)
 ParOldGen       total 367104K, used 274120K [0x00000000c0000000, 0x00000000d6680000, 0x00000000eab00000)
  object space 367104K, 74% used [0x00000000c0000000,0x00000000d0bb20a8,0x00000000d6680000)
 Metaspace       used 78715K, committed 79616K, reserved 1122304K
  class space    used 7493K, committed 7872K, reserved 1048576K
}
Event: 1327.937 GC heap after
{Heap after GC invocations=2211 (full 34):
 PSYoungGen      total 3584K, used 2048K [0x00000000eab00000, 0x00000000eb500000, 0x0000000100000000)
  eden space 1536K, 0% used [0x00000000eab00000,0x00000000eab00000,0x00000000eac80000)
  from space 2048K, 100% used [0x00000000eb000000,0x00000000eb200000,0x00000000eb200000)
  to   space 3584K, 0% used [0x00000000eac80000,0x00000000eac80000,0x00000000eb000000)
 ParOldGen       total 367104K, used 275264K [0x00000000c0000000, 0x00000000d6680000, 0x00000000eab00000)
  object space 367104K, 74% used [0x00000000c0000000,0x00000000d0cd0218,0x00000000d6680000)
 Metaspace       used 78715K, committed 79616K, reserved 1122304K
  class space    used 7493K, committed 7872K, reserved 1048576K
}
Event: 1327.942 GC heap before
{Heap before GC invocations=2212 (full 34):
 PSYoungGen      total 3584K, used 3584K [0x00000000eab00000, 0x00000000eb500000, 0x0000000100000000)
  eden space 1536K, 100% used [0x00000000eab00000,0x00000000eac80000,0x00000000eac80000)
  from space 2048K, 100% used [0x00000000eb000000,0x00000000eb200000,0x00000000eb200000)
  to   space 3584K, 0% used [0x00000000eac80000,0x00000000eac80000,0x00000000eb000000)
 ParOldGen       total 367104K, used 275264K [0x00000000c0000000, 0x00000000d6680000, 0x00000000eab00000)
  object space 367104K, 74% used [0x00000000c0000000,0x00000000d0cd0218,0x00000000d6680000)
 Metaspace       used 78715K, committed 79616K, reserved 1122304K
  class space    used 7493K, committed 7872K, reserved 1048576K
}
Event: 1327.946 GC heap after
{Heap after GC invocations=2212 (full 34):
 PSYoungGen      total 3584K, used 1728K [0x00000000eab00000, 0x00000000eb200000, 0x0000000100000000)
  eden space 1536K, 0% used [0x00000000eab00000,0x00000000eab00000,0x00000000eac80000)
  from space 2048K, 84% used [0x00000000eac80000,0x00000000eae30000,0x00000000eae80000)
  to   space 2560K, 0% used [0x00000000eaf80000,0x00000000eaf80000,0x00000000eb200000)
 ParOldGen       total 367104K, used 277386K [0x00000000c0000000, 0x00000000d6680000, 0x00000000eab00000)
  object space 367104K, 75% used [0x00000000c0000000,0x00000000d0ee2938,0x00000000d6680000)
 Metaspace       used 78715K, committed 79616K, reserved 1122304K
  class space    used 7493K, committed 7872K, reserved 1048576K
}
Event: 1327.950 GC heap before
{Heap before GC invocations=2213 (full 34):
 PSYoungGen      total 3584K, used 3264K [0x00000000eab00000, 0x00000000eb200000, 0x0000000100000000)
  eden space 1536K, 100% used [0x00000000eab00000,0x00000000eac80000,0x00000000eac80000)
  from space 2048K, 84% used [0x00000000eac80000,0x00000000eae30000,0x00000000eae80000)
  to   space 2560K, 0% used [0x00000000eaf80000,0x00000000eaf80000,0x00000000eb200000)
 ParOldGen       total 367104K, used 277386K [0x00000000c0000000, 0x00000000d6680000, 0x00000000eab00000)
  object space 367104K, 75% used [0x00000000c0000000,0x00000000d0ee2938,0x00000000d6680000)
 Metaspace       used 78715K, committed 79616K, reserved 1122304K
  class space    used 7493K, committed 7872K, reserved 1048576K
}

